openjdk version "11.0.31" 2026-04-21
OpenJDK Runtime Environment (build 11.0.31+11-post-1-Debian)
OpenJDK 64-Bit Server VM (build 11.0.31+11-post-1-Debian, mixed mode)
Initialized native services in: /root/.gradle/native
Using 8 worker leases.
Creating new cache for fileHashes, path /root/.gradle/caches/4.4.1/fileHashes/fileHashes.bin, access org.gradle.cache.internal.DefaultCacheAccess@4ced35ed
Creating new cache for resourceHashesCache, path /root/.gradle/caches/4.4.1/fileHashes/resourceHashesCache.bin, access org.gradle.cache.internal.DefaultCacheAccess@4ced35ed
Creating new cache for fileHashes, path /home/kali/realrdp/.gradle/4.4.1/fileHashes/fileHashes.bin, access org.gradle.cache.internal.DefaultCacheAccess@3e58d65e
Starting Build
WARNING: An illegal reflective access operation has occurred
WARNING: Illegal reflective access by org.codehaus.groovy.vmplugin.v7.Java7$1 (file:/usr/share/java/groovy-all.jar) to constructor java.lang.invoke.MethodHandles$Lookup(java.lang.Class,int)
WARNING: Please consider reporting this to the maintainers of org.codehaus.groovy.vmplugin.v7.Java7$1
WARNING: Use --illegal-access=warn to enable warnings of further illegal reflective access operations
WARNING: All illegal access operations will be denied in a future release
Settings evaluated using settings file '/home/kali/realrdp/settings.gradle'.
Projects loaded. Root project using build file '/home/kali/realrdp/build.gradle'.
Included projects: [root project 'realrdp']
Evaluating root project 'realrdp' using build file '/home/kali/realrdp/build.gradle'.
All projects evaluated.

FAILURE: Build failed with an exception.

* What went wrong:
Task 'assembleDebug' not found in root project 'realrdp'.

* Try:
Run gradle tasks to get a list of available tasks. Run with --stacktrace option to get the stack trace. Run with --debug option to get more log output. Run with --scan to get full insights.

* Get more help at https://help.gradle.org

BUILD FAILED in 4s
